android/app/build/intermediates/manifest_merge_blame_file/debug/processDebugMainManifest/manifest-merger-blame-debug-report.txt
1<?xml version="1.0" encoding="utf-8"?>
2<manifest xmlns:android="http://schemas.android.com/apk/res/android"
3    package="com.example.ecommadmin"
4    android:versionCode="1"
5    android:versionName="1.0.0" >
6
7    <uses-sdk
8        android:minSdkVersion="24"
9        android:targetSdkVersion="35" />
10    <!--
11         The INTERNET permission is required for development. Specifically,
12         the Flutter tool needs it to communicate with the running application
13         to allow setting breakpoints, to provide hot reload, etc.
14    -->
15    <uses-permission android:name="android.permission.INTERNET" />
15-->src\main\AndroidManifest.xml:3:5-66
15-->src\main\AndroidManifest.xml:3:22-64
16    <uses-permission android:name="android.permission.CAMERA" />
16-->src\main\AndroidManifest.xml:4:5-65
16-->src\main\AndroidManifest.xml:4:22-62
17    <uses-permission android:name="android.permission.READ_SMS" />
17-->src\main\AndroidManifest.xml:5:5-66
17-->src\main\AndroidManifest.xml:5:22-64
18    <uses-permission android:name="android.permission.ACCESS_COARSE_LOCATION" />
18-->src\main\AndroidManifest.xml:6:5-81
18-->src\main\AndroidManifest.xml:6:22-78
19    <uses-permission android:name="android.permission.ACCESS_FINE_LOCATION" />
19-->src\main\AndroidManifest.xml:7:5-79
19-->src\main\AndroidManifest.xml:7:22-76
20    <uses-permission android:name="android.permission.RECORD_AUDIO" /> <!-- for Url Luncher -->
20-->src\main\AndroidManifest.xml:8:5-71
20-->src\main\AndroidManifest.xml:8:22-68
21    <queries>
21-->src\main\AndroidManifest.xml:79:5-85:15
22        <intent>
22-->src\main\AndroidManifest.xml:80:9-84:18
23            <action android:name="android.intent.action.VIEW" />
23-->src\main\AndroidManifest.xml:81:13-65
23-->src\main\AndroidManifest.xml:81:21-62
24
25            <category android:name="android.intent.category.BROWSABLE" />
25-->src\main\AndroidManifest.xml:82:13-74
25-->src\main\AndroidManifest.xml:82:23-71
26
27            <data android:scheme="https" />
27-->src\main\AndroidManifest.xml:83:13-44
27-->src\main\AndroidManifest.xml:83:19-41
28        </intent>
29    </queries>
30
31    <uses-permission android:name="android.permission.ACCESS_NETWORK_STATE" />
31-->[com.google.firebase:firebase-auth:23.0.0] AndroidManifest.xml:26:5-79
31-->[com.google.firebase:firebase-auth:23.0.0] AndroidManifest.xml:26:22-76
32    <uses-permission android:name="android.permission.WAKE_LOCK" />
32-->[com.google.android.gms:play-services-measurement-api:22.0.0] AndroidManifest.xml:24:5-68
32-->[com.google.android.gms:play-services-measurement-api:22.0.0] AndroidManifest.xml:24:22-65
33    <uses-permission android:name="com.google.android.gms.permission.AD_ID" />
33-->[com.google.android.gms:play-services-measurement-api:22.0.0] AndroidManifest.xml:25:5-79
33-->[com.google.android.gms:play-services-measurement-api:22.0.0] AndroidManifest.xml:25:22-76
34    <uses-permission android:name="android.permission.ACCESS_ADSERVICES_ATTRIBUTION" />
34-->[com.google.android.gms:play-services-measurement-api:22.0.0] AndroidManifest.xml:26:5-88
34-->[com.google.android.gms:play-services-measurement-api:22.0.0] AndroidManifest.xml:26:22-85
35    <uses-permission android:name="android.permission.ACCESS_ADSERVICES_AD_ID" />
35-->[com.google.android.gms:play-services-measurement-api:22.0.0] AndroidManifest.xml:27:5-82
35-->[com.google.android.gms:play-services-measurement-api:22.0.0] AndroidManifest.xml:27:22-79
36    <uses-permission android:name="com.google.android.providers.gsf.permission.READ_GSERVICES" />
36-->[com.google.android.recaptcha:recaptcha:18.4.0] AndroidManifest.xml:9:5-98
36-->[com.google.android.recaptcha:recaptcha:18.4.0] AndroidManifest.xml:9:22-95
37    <uses-permission android:name="com.google.android.finsky.permission.BIND_GET_INSTALL_REFERRER_SERVICE" />
37-->[com.google.android.gms:play-services-measurement:22.0.0] AndroidManifest.xml:26:5-110
37-->[com.google.android.gms:play-services-measurement:22.0.0] AndroidManifest.xml:26:22-107
38
39    <permission
39-->[androidx.core:core:1.9.0] AndroidManifest.xml:22:5-24:47
40        android:name="com.example.ecommadmin.DYNAMIC_RECEIVER_NOT_EXPORTED_PERMISSION"
40-->[androidx.core:core:1.9.0] AndroidManifest.xml:23:9-81
41        android:protectionLevel="signature" />
41-->[androidx.core:core:1.9.0] AndroidManifest.xml:24:9-44
42
43    <uses-permission android:name="com.example.ecommadmin.DYNAMIC_RECEIVER_NOT_EXPORTED_PERMISSION" />
43-->[androidx.core:core:1.9.0] AndroidManifest.xml:26:5-97
43-->[androidx.core:core:1.9.0] AndroidManifest.xml:26:22-94
44
45    <application
46        android:name="com.example.ecommadmin"
47        android:appComponentFactory="androidx.core.app.CoreComponentFactory"
47-->[androidx.core:core:1.9.0] AndroidManifest.xml:28:18-86
48        android:debuggable="true"
49        android:extractNativeLibs="false"
50        android:icon="@mipmap/ic_launcher"
51        android:label="Ecomm Admin" >
52        <activity
53            android:name="com.example.ecommadmin.MainActivity"
54            android:configChanges="orientation|keyboardHidden|keyboard|screenSize|smallestScreenSize|locale|layoutDirection|fontScale|screenLayout|density|uiMode"
55            android:exported="true"
56            android:hardwareAccelerated="true"
57            android:launchMode="singleTop"
58            android:theme="@style/LaunchTheme"
59            android:windowSoftInputMode="adjustResize" >
60
61            <!--
62                 Specifies an Android theme to apply to this Activity as soon as
63                 the Android process has started. This theme is visible to the user
64                 while the Flutter UI initializes. After that, this theme continues
65                 to determine the Window background behind the Flutter UI.
66            -->
67
68
69            <!-- for splac logo show - deprecated -->
70            <!--
71         <meta-data
72              android:name="io.flutter.embedding.android.NormalTheme"
73              android:resource="@style/NormalTheme"
74              />
75
76         <meta-data
77               android:name="io.flutter.embedding.android.SplashScreenDrawable"
78               android:resource="@drawable/launch_background"/>
79            -->
80            <intent-filter>
81                <action android:name="android.intent.action.MAIN" />
82
83                <category android:name="android.intent.category.LAUNCHER" />
84            </intent-filter>
85        </activity>
86        <!--
87             Don't delete the meta-data below.
88             This is used by the Flutter tool to generate GeneratedPluginRegistrant.java
89        -->
90        <meta-data
91            android:name="flutterEmbedding"
92            android:value="2" />
93
94        <!-- for firebase push message start -->
95        <!-- for notification channel -->
96        <meta-data
97            android:name="com.google.firebase.messaging.default_notification_channel_id"
98            android:value="ecomm-channel" />
99
100        <!-- Firebase Messaging Service -->
101        <receiver
102            android:name="com.dexterous.flutterlocalnotifications.ScheduledNotificationBootReceiver"
103            android:exported="true" >
104            <intent-filter>
105                <action android:name="android.intent.action.BOOT_COMPLETED" />
106            </intent-filter>
107        </receiver>
108
109        <!-- new -->
110        <service
111            android:name="com.google.firebase.messaging.FirebaseMessagingService"
112            android:exported="false" >
113            <intent-filter>
114                <action android:name="com.google.firebase.MESSAGING_EVENT" />
115            </intent-filter>
116        </service>
117        <!-- for firebase push message end -->
118
119        <uses-library
119-->[androidx.window:window:1.0.0] AndroidManifest.xml:25:9-27:40
120            android:name="androidx.window.extensions"
120-->[androidx.window:window:1.0.0] AndroidManifest.xml:26:13-54
121            android:required="false" />
121-->[androidx.window:window:1.0.0] AndroidManifest.xml:27:13-37
122        <uses-library
122-->[androidx.window:window:1.0.0] AndroidManifest.xml:28:9-30:40
123            android:name="androidx.window.sidecar"
123-->[androidx.window:window:1.0.0] AndroidManifest.xml:29:13-51
124            android:required="false" />
124-->[androidx.window:window:1.0.0] AndroidManifest.xml:30:13-37
125
126        <service
126-->[com.google.firebase:firebase-auth-ktx:23.0.0] AndroidManifest.xml:8:9-14:19
127            android:name="com.google.firebase.components.ComponentDiscoveryService"
127-->[com.google.firebase:firebase-auth-ktx:23.0.0] AndroidManifest.xml:9:13-84
128            android:directBootAware="true"
128-->[com.google.firebase:firebase-common:21.0.0] AndroidManifest.xml:32:13-43
129            android:exported="false" >
129-->[com.google.firebase:firebase-auth-ktx:23.0.0] AndroidManifest.xml:10:13-37
130            <meta-data
130-->[com.google.firebase:firebase-auth-ktx:23.0.0] AndroidManifest.xml:11:13-13:85
131                android:name="com.google.firebase.components:com.google.firebase.auth.ktx.FirebaseAuthLegacyRegistrar"
131-->[com.google.firebase:firebase-auth-ktx:23.0.0] AndroidManifest.xml:12:17-119
132                android:value="com.google.firebase.components.ComponentRegistrar" />
132-->[com.google.firebase:firebase-auth-ktx:23.0.0] AndroidManifest.xml:13:17-82
133            <meta-data
133-->[com.google.firebase:firebase-auth:23.0.0] AndroidManifest.xml:69:13-71:85
134                android:name="com.google.firebase.components:com.google.firebase.auth.FirebaseAuthRegistrar"
134-->[com.google.firebase:firebase-auth:23.0.0] AndroidManifest.xml:70:17-109
135                android:value="com.google.firebase.components.ComponentRegistrar" />
135-->[com.google.firebase:firebase-auth:23.0.0] AndroidManifest.xml:71:17-82
136            <meta-data
136-->[com.google.firebase:firebase-firestore:25.0.0] AndroidManifest.xml:17:13-19:85
137                android:name="com.google.firebase.components:com.google.firebase.firestore.FirebaseFirestoreKtxRegistrar"
137-->[com.google.firebase:firebase-firestore:25.0.0] AndroidManifest.xml:18:17-122
138                android:value="com.google.firebase.components.ComponentRegistrar" />
138-->[com.google.firebase:firebase-firestore:25.0.0] AndroidManifest.xml:19:17-82
139            <meta-data
139-->[com.google.firebase:firebase-firestore:25.0.0] AndroidManifest.xml:20:13-22:85
140                android:name="com.google.firebase.components:com.google.firebase.firestore.FirestoreRegistrar"
140-->[com.google.firebase:firebase-firestore:25.0.0] AndroidManifest.xml:21:17-111
141                android:value="com.google.firebase.components.ComponentRegistrar" />
141-->[com.google.firebase:firebase-firestore:25.0.0] AndroidManifest.xml:22:17-82
142            <meta-data
142-->[com.google.android.gms:play-services-measurement-api:22.0.0] AndroidManifest.xml:37:13-39:85
143                android:name="com.google.firebase.components:com.google.firebase.analytics.connector.internal.AnalyticsConnectorRegistrar"
143-->[com.google.android.gms:play-services-measurement-api:22.0.0] AndroidManifest.xml:38:17-139
144                android:value="com.google.firebase.components.ComponentRegistrar" />
144-->[com.google.android.gms:play-services-measurement-api:22.0.0] AndroidManifest.xml:39:17-82
145            <meta-data
145-->[com.google.firebase:firebase-installations:18.0.0] AndroidManifest.xml:15:13-17:85
146                android:name="com.google.firebase.components:com.google.firebase.installations.FirebaseInstallationsKtxRegistrar"
146-->[com.google.firebase:firebase-installations:18.0.0] AndroidManifest.xml:16:17-130
147                android:value="com.google.firebase.components.ComponentRegistrar" />
147-->[com.google.firebase:firebase-installations:18.0.0] AndroidManifest.xml:17:17-82
148            <meta-data
148-->[com.google.firebase:firebase-installations:18.0.0] AndroidManifest.xml:18:13-20:85
149                android:name="com.google.firebase.components:com.google.firebase.installations.FirebaseInstallationsRegistrar"
149-->[com.google.firebase:firebase-installations:18.0.0] AndroidManifest.xml:19:17-127
150                android:value="com.google.firebase.components.ComponentRegistrar" />
150-->[com.google.firebase:firebase-installations:18.0.0] AndroidManifest.xml:20:17-82
151            <meta-data
151-->[com.google.firebase:firebase-common-ktx:21.0.0] AndroidManifest.xml:12:13-14:85
152                android:name="com.google.firebase.components:com.google.firebase.ktx.FirebaseCommonLegacyRegistrar"
152-->[com.google.firebase:firebase-common-ktx:21.0.0] AndroidManifest.xml:13:17-116
153                android:value="com.google.firebase.components.ComponentRegistrar" />
153-->[com.google.firebase:firebase-common-ktx:21.0.0] AndroidManifest.xml:14:17-82
154            <meta-data
154-->[com.google.firebase:firebase-common:21.0.0] AndroidManifest.xml:35:13-37:85
155                android:name="com.google.firebase.components:com.google.firebase.FirebaseCommonKtxRegistrar"
155-->[com.google.firebase:firebase-common:21.0.0] AndroidManifest.xml:36:17-109
156                android:value="com.google.firebase.components.ComponentRegistrar" />
156-->[com.google.firebase:firebase-common:21.0.0] AndroidManifest.xml:37:17-82
157        </service>
158
159        <activity
159-->[com.google.firebase:firebase-auth:23.0.0] AndroidManifest.xml:29:9-46:20
160            android:name="com.google.firebase.auth.internal.GenericIdpActivity"
160-->[com.google.firebase:firebase-auth:23.0.0] AndroidManifest.xml:30:13-80
161            android:excludeFromRecents="true"
161-->[com.google.firebase:firebase-auth:23.0.0] AndroidManifest.xml:31:13-46
162            android:exported="true"
162-->[com.google.firebase:firebase-auth:23.0.0] AndroidManifest.xml:32:13-36
163            android:launchMode="singleTask"
163-->[com.google.firebase:firebase-auth:23.0.0] AndroidManifest.xml:33:13-44
164            android:theme="@android:style/Theme.Translucent.NoTitleBar" >
164-->[com.google.firebase:firebase-auth:23.0.0] AndroidManifest.xml:34:13-72
165            <intent-filter>
165-->[com.google.firebase:firebase-auth:23.0.0] AndroidManifest.xml:35:13-45:29
166                <action android:name="android.intent.action.VIEW" />
166-->src\main\AndroidManifest.xml:81:13-65
166-->src\main\AndroidManifest.xml:81:21-62
167
168                <category android:name="android.intent.category.DEFAULT" />
168-->[com.google.firebase:firebase-auth:23.0.0] AndroidManifest.xml:38:17-76
168-->[com.google.firebase:firebase-auth:23.0.0] AndroidManifest.xml:38:27-73
169                <category android:name="android.intent.category.BROWSABLE" />
169-->src\main\AndroidManifest.xml:82:13-74
169-->src\main\AndroidManifest.xml:82:23-71
170
171                <data
171-->src\main\AndroidManifest.xml:83:13-44
172                    android:host="firebase.auth"
173                    android:path="/"
174                    android:scheme="genericidp" />
174-->src\main\AndroidManifest.xml:83:19-41
175            </intent-filter>
176        </activity>
177        <activity
177-->[com.google.firebase:firebase-auth:23.0.0] AndroidManifest.xml:47:9-64:20
178            android:name="com.google.firebase.auth.internal.RecaptchaActivity"
178-->[com.google.firebase:firebase-auth:23.0.0] AndroidManifest.xml:48:13-79
179            android:excludeFromRecents="true"
179-->[com.google.firebase:firebase-auth:23.0.0] AndroidManifest.xml:49:13-46
180            android:exported="true"
180-->[com.google.firebase:firebase-auth:23.0.0] AndroidManifest.xml:50:13-36
181            android:launchMode="singleTask"
181-->[com.google.firebase:firebase-auth:23.0.0] AndroidManifest.xml:51:13-44
182            android:theme="@android:style/Theme.Translucent.NoTitleBar" >
182-->[com.google.firebase:firebase-auth:23.0.0] AndroidManifest.xml:52:13-72
183            <intent-filter>
183-->[com.google.firebase:firebase-auth:23.0.0] AndroidManifest.xml:53:13-63:29
184                <action android:name="android.intent.action.VIEW" />
184-->src\main\AndroidManifest.xml:81:13-65
184-->src\main\AndroidManifest.xml:81:21-62
185
186                <category android:name="android.intent.category.DEFAULT" />
186-->[com.google.firebase:firebase-auth:23.0.0] AndroidManifest.xml:38:17-76
186-->[com.google.firebase:firebase-auth:23.0.0] AndroidManifest.xml:38:27-73
187                <category android:name="android.intent.category.BROWSABLE" />
187-->src\main\AndroidManifest.xml:82:13-74
187-->src\main\AndroidManifest.xml:82:23-71
188
189                <data
189-->src\main\AndroidManifest.xml:83:13-44
190                    android:host="firebase.auth"
191                    android:path="/"
192                    android:scheme="recaptcha" />
192-->src\main\AndroidManifest.xml:83:19-41
193            </intent-filter>
194        </activity>
195
196        <property
196-->[com.google.android.gms:play-services-measurement-api:22.0.0] AndroidManifest.xml:30:9-32:61
197            android:name="android.adservices.AD_SERVICES_CONFIG"
197-->[com.google.android.gms:play-services-measurement-api:22.0.0] AndroidManifest.xml:31:13-65
198            android:resource="@xml/ga_ad_services_config" />
198-->[com.google.android.gms:play-services-measurement-api:22.0.0] AndroidManifest.xml:32:13-58
199
200        <service
200-->[androidx.credentials:credentials-play-services-auth:1.2.0-rc01] AndroidManifest.xml:24:9-32:19
201            android:name="androidx.credentials.playservices.CredentialProviderMetadataHolder"
201-->[androidx.credentials:credentials-play-services-auth:1.2.0-rc01] AndroidManifest.xml:25:13-94
202            android:enabled="true"
202-->[androidx.credentials:credentials-play-services-auth:1.2.0-rc01] AndroidManifest.xml:26:13-35
203            android:exported="false" >
203-->[androidx.credentials:credentials-play-services-auth:1.2.0-rc01] AndroidManifest.xml:27:13-37
204            <meta-data
204-->[androidx.credentials:credentials-play-services-auth:1.2.0-rc01] AndroidManifest.xml:29:13-31:104
205                android:name="androidx.credentials.CREDENTIAL_PROVIDER_KEY"
205-->[androidx.credentials:credentials-play-services-auth:1.2.0-rc01] AndroidManifest.xml:30:17-76
206                android:value="androidx.credentials.playservices.CredentialProviderPlayServicesImpl" />
206-->[androidx.credentials:credentials-play-services-auth:1.2.0-rc01] AndroidManifest.xml:31:17-101
207        </service>
208
209        <activity
209-->[androidx.credentials:credentials-play-services-auth:1.2.0-rc01] AndroidManifest.xml:34:9-41:20
210            android:name="androidx.credentials.playservices.HiddenActivity"
210-->[androidx.credentials:credentials-play-services-auth:1.2.0-rc01] AndroidManifest.xml:35:13-76
211            android:configChanges="orientation|screenSize|screenLayout|keyboardHidden"
211-->[androidx.credentials:credentials-play-services-auth:1.2.0-rc01] AndroidManifest.xml:36:13-87
212            android:enabled="true"
212-->[androidx.credentials:credentials-play-services-auth:1.2.0-rc01] AndroidManifest.xml:37:13-35
213            android:exported="false"
213-->[androidx.credentials:credentials-play-services-auth:1.2.0-rc01] AndroidManifest.xml:38:13-37
214            android:fitsSystemWindows="true"
214-->[androidx.credentials:credentials-play-services-auth:1.2.0-rc01] AndroidManifest.xml:39:13-45
215            android:theme="@style/Theme.Hidden" >
215-->[androidx.credentials:credentials-play-services-auth:1.2.0-rc01] AndroidManifest.xml:40:13-48
216        </activity>
217
218        <provider
218-->[com.google.firebase:firebase-common:21.0.0] AndroidManifest.xml:23:9-28:39
219            android:name="com.google.firebase.provider.FirebaseInitProvider"
219-->[com.google.firebase:firebase-common:21.0.0] AndroidManifest.xml:24:13-77
220            android:authorities="com.example.ecommadmin.firebaseinitprovider"
220-->[com.google.firebase:firebase-common:21.0.0] AndroidManifest.xml:25:13-72
221            android:directBootAware="true"
221-->[com.google.firebase:firebase-common:21.0.0] AndroidManifest.xml:26:13-43
222            android:exported="false"
222-->[com.google.firebase:firebase-common:21.0.0] AndroidManifest.xml:27:13-37
223            android:initOrder="100" />
223-->[com.google.firebase:firebase-common:21.0.0] AndroidManifest.xml:28:13-36
224
225        <receiver
225-->[com.google.android.gms:play-services-measurement:22.0.0] AndroidManifest.xml:29:9-33:20
226            android:name="com.google.android.gms.measurement.AppMeasurementReceiver"
226-->[com.google.android.gms:play-services-measurement:22.0.0] AndroidManifest.xml:30:13-85
227            android:enabled="true"
227-->[com.google.android.gms:play-services-measurement:22.0.0] AndroidManifest.xml:31:13-35
228            android:exported="false" >
228-->[com.google.android.gms:play-services-measurement:22.0.0] AndroidManifest.xml:32:13-37
229        </receiver>
230
231        <service
231-->[com.google.android.gms:play-services-measurement:22.0.0] AndroidManifest.xml:35:9-38:40
232            android:name="com.google.android.gms.measurement.AppMeasurementService"
232-->[com.google.android.gms:play-services-measurement:22.0.0] AndroidManifest.xml:36:13-84
233            android:enabled="true"
233-->[com.google.android.gms:play-services-measurement:22.0.0] AndroidManifest.xml:37:13-35
234            android:exported="false" />
234-->[com.google.android.gms:play-services-measurement:22.0.0] AndroidManifest.xml:38:13-37
235        <service
235-->[com.google.android.gms:play-services-measurement:22.0.0] AndroidManifest.xml:39:9-43:72
236            android:name="com.google.android.gms.measurement.AppMeasurementJobService"
236-->[com.google.android.gms:play-services-measurement:22.0.0] AndroidManifest.xml:40:13-87
237            android:enabled="true"
237-->[com.google.android.gms:play-services-measurement:22.0.0] AndroidManifest.xml:41:13-35
238            android:exported="false"
238-->[com.google.android.gms:play-services-measurement:22.0.0] AndroidManifest.xml:42:13-37
239            android:permission="android.permission.BIND_JOB_SERVICE" />
239-->[com.google.android.gms:play-services-measurement:22.0.0] AndroidManifest.xml:43:13-69
240
241        <uses-library
241-->[androidx.privacysandbox.ads:ads-adservices:1.0.0-beta05] AndroidManifest.xml:23:9-25:40
242            android:name="android.ext.adservices"
242-->[androidx.privacysandbox.ads:ads-adservices:1.0.0-beta05] AndroidManifest.xml:24:13-50
243            android:required="false" />
243-->[androidx.privacysandbox.ads:ads-adservices:1.0.0-beta05] AndroidManifest.xml:25:13-37
244
245        <activity
245-->[com.google.android.gms:play-services-auth:20.7.0] AndroidManifest.xml:23:9-27:75
246            android:name="com.google.android.gms.auth.api.signin.internal.SignInHubActivity"
246-->[com.google.android.gms:play-services-auth:20.7.0] AndroidManifest.xml:24:13-93
247            android:excludeFromRecents="true"
247-->[com.google.android.gms:play-services-auth:20.7.0] AndroidManifest.xml:25:13-46
248            android:exported="false"
248-->[com.google.android.gms:play-services-auth:20.7.0] AndroidManifest.xml:26:13-37
249            android:theme="@android:style/Theme.Translucent.NoTitleBar" />
249-->[com.google.android.gms:play-services-auth:20.7.0] AndroidManifest.xml:27:13-72
250        <!--
251            Service handling Google Sign-In user revocation. For apps that do not integrate with
252            Google Sign-In, this service will never be started.
253        -->
254        <service
254-->[com.google.android.gms:play-services-auth:20.7.0] AndroidManifest.xml:33:9-37:51
255            android:name="com.google.android.gms.auth.api.signin.RevocationBoundService"
255-->[com.google.android.gms:play-services-auth:20.7.0] AndroidManifest.xml:34:13-89
256            android:exported="true"
256-->[com.google.android.gms:play-services-auth:20.7.0] AndroidManifest.xml:35:13-36
257            android:permission="com.google.android.gms.auth.api.signin.permission.REVOCATION_NOTIFICATION"
257-->[com.google.android.gms:play-services-auth:20.7.0] AndroidManifest.xml:36:13-107
258            android:visibleToInstantApps="true" />
258-->[com.google.android.gms:play-services-auth:20.7.0] AndroidManifest.xml:37:13-48
259
260        <activity
260-->[com.google.android.gms:play-services-base:18.0.1] AndroidManifest.xml:20:9-22:45
261            android:name="com.google.android.gms.common.api.GoogleApiActivity"
261-->[com.google.android.gms:play-services-base:18.0.1] AndroidManifest.xml:20:19-85
262            android:exported="false"
262-->[com.google.android.gms:play-services-base:18.0.1] AndroidManifest.xml:22:19-43
263            android:theme="@android:style/Theme.Translucent.NoTitleBar" />
263-->[com.google.android.gms:play-services-base:18.0.1] AndroidManifest.xml:21:19-78
264
265        <meta-data
265-->[com.google.android.gms:play-services-basement:18.3.0] AndroidManifest.xml:21:9-23:69
266            android:name="com.google.android.gms.version"
266-->[com.google.android.gms:play-services-basement:18.3.0] AndroidManifest.xml:22:13-58
267            android:value="@integer/google_play_services_version" />
267-->[com.google.android.gms:play-services-basement:18.3.0] AndroidManifest.xml:23:13-66
268    </application>
269
270</manifest>